2023-02-25T15:00:28.719+09:00  INFO 12612 --- [restartedMain] org.msa.item.ItemServiceApplication      : The following 1 profile is active: "local"
2023-02-25T15:00:29.358+09:00  INFO 12612 --- [restartedMain] .s.d.r.c.RepositoryConfigurationDelegate : Bootstrapping Spring Data JPA repositories in DEFAULT mode.
2023-02-25T15:00:29.402+09:00  INFO 12612 --- [restartedMain] .s.d.r.c.RepositoryConfigurationDelegate : Finished Spring Data repository scanning in 36 ms. Found 1 JPA repository interfaces.
2023-02-25T15:00:29.555+09:00  INFO 12612 --- [restartedMain] o.s.cloud.context.scope.GenericScope     : BeanFactory id=eb268e33-6b28-3b15-8a80-34466ed8a781
2023-02-25T15:00:30.077+09:00  INFO 12612 --- [restartedMain] o.s.b.w.embedded.tomcat.TomcatWebServer  : Tomcat initialized with port(s): 5000 (http)
2023-02-25T15:00:30.086+09:00  INFO 12612 --- [restartedMain] o.apache.catalina.core.StandardService   : Starting service [Tomcat]
2023-02-25T15:00:30.087+09:00  INFO 12612 --- [restartedMain] o.apache.catalina.core.StandardEngine    : Starting Servlet engine: [Apache Tomcat/10.1.5]
2023-02-25T15:00:30.164+09:00  INFO 12612 --- [restartedMain] o.a.c.c.C.[Tomcat].[localhost].[/]       : Initializing Spring embedded WebApplicationContext
2023-02-25T15:00:30.164+09:00  INFO 12612 --- [restartedMain] w.s.c.ServletWebServerApplicationContext : Root WebApplicationContext: initialization completed in 1431 ms
2023-02-25T15:00:30.298+09:00  INFO 12612 --- [restartedMain] o.hibernate.jpa.internal.util.LogHelper  : HHH000204: Processing PersistenceUnitInfo [name: default]
2023-02-25T15:00:30.352+09:00  INFO 12612 --- [restartedMain] org.hibernate.Version                    : HHH000412: Hibernate ORM core version 6.1.6.Final
2023-02-25T15:00:30.525+09:00  WARN 12612 --- [restartedMain] org.hibernate.orm.deprecation            : HHH90000021: Encountered deprecated setting [javax.persistence.sharedCache.mode], use [jakarta.persistence.sharedCache.mode] instead
2023-02-25T15:00:30.644+09:00  INFO 12612 --- [restartedMain] com.zaxxer.hikari.HikariDataSource       : HikariPool-1 - Starting...
2023-02-25T15:00:30.721+09:00  INFO 12612 --- [restartedMain] com.zaxxer.hikari.pool.HikariPool        : HikariPool-1 - Added connection org.mariadb.jdbc.Connection@6ac68b81
2023-02-25T15:00:30.723+09:00  INFO 12612 --- [restartedMain] com.zaxxer.hikari.HikariDataSource       : HikariPool-1 - Start completed.
2023-02-25T15:00:30.745+09:00  INFO 12612 --- [restartedMain] SQL dialect                              : HHH000400: Using dialect: org.hibernate.dialect.MariaDB103Dialect
2023-02-25T15:00:30.745+09:00  WARN 12612 --- [restartedMain] org.hibernate.orm.deprecation            : HHH90000026: MariaDB103Dialect has been deprecated; use org.hibernate.dialect.MariaDBDialect instead
2023-02-25T15:00:31.749+09:00  INFO 12612 --- [restartedMain] o.h.e.t.j.p.i.JtaPlatformInitiator       : HHH000490: Using JtaPlatform implementation: [org.hibernate.engine.transaction.jta.platform.internal.NoJtaPlatform]
2023-02-25T15:00:31.759+09:00  INFO 12612 --- [restartedMain] j.LocalContainerEntityManagerFactoryBean : Initialized JPA EntityManagerFactory for persistence unit 'default'
2023-02-25T15:00:32.118+09:00  WARN 12612 --- [restartedMain] JpaBaseConfiguration$JpaWebConfiguration : spring.jpa.open-in-view is enabled by default. Therefore, database queries may be performed during view rendering. Explicitly configure spring.jpa.open-in-view to disable this warning
2023-02-25T15:00:33.007+09:00  INFO 12612 --- [restartedMain] o.s.b.d.a.OptionalLiveReloadServer       : LiveReload server is running on port 35729
2023-02-25T15:00:33.242+09:00  INFO 12612 --- [restartedMain] o.s.b.w.embedded.tomcat.TomcatWebServer  : Tomcat started on port(s): 5000 (http) with context path ''
2023-02-25T15:00:33.394+09:00  INFO 12612 --- [restartedMain] org.msa.item.ItemServiceApplication      : Started ItemServiceApplication in 6.183 seconds (process running for 7.021)
2023-02-25T15:00:51.213+09:00  INFO 12612 --- [http-nio-5000-exec-1] o.a.c.c.C.[Tomcat].[localhost].[/]       : Initializing Spring DispatcherServlet 'dispatcherServlet'
2023-02-25T15:00:51.213+09:00  INFO 12612 --- [http-nio-5000-exec-1] o.s.web.servlet.DispatcherServlet        : Initializing Servlet 'dispatcherServlet'
2023-02-25T15:00:51.215+09:00  INFO 12612 --- [http-nio-5000-exec-1] o.s.web.servlet.DispatcherServlet        : Completed initialization in 1 ms
2023-02-25T15:00:51.339+09:00  WARN 12612 --- [http-nio-5000-exec-1] ocalVariableTableParameterNameDiscoverer : Using deprecated '-debug' fallback for parameter name resolution. Compile the affected code with '-parameters' instead or avoid its introspection: org.msa.item.controller.ItemController
2023-02-25T15:00:51.514+09:00 DEBUG 12612 --- [http-nio-5000-exec-1] org.msa.item.controller.ItemController   : request add item id = 1
2023-02-25T15:04:06.609+09:00  INFO 12612 --- [RMI TCP Connection(7)-127.0.0.1] inMXBeanRegistrar$SpringApplicationAdmin : Application shutdown requested.
2023-02-25T15:04:06.624+09:00  INFO 12612 --- [RMI TCP Connection(7)-127.0.0.1] o.apache.catalina.core.StandardService   : Stopping service [Tomcat]
2023-02-25T15:04:06.626+09:00  INFO 12612 --- [RMI TCP Connection(7)-127.0.0.1] o.a.c.c.C.[Tomcat].[localhost].[/]       : Destroying Spring FrameworkServlet 'dispatcherServlet'
2023-02-25T15:04:06.633+09:00  INFO 12612 --- [RMI TCP Connection(7)-127.0.0.1] j.LocalContainerEntityManagerFactoryBean : Closing JPA EntityManagerFactory for persistence unit 'default'
2023-02-25T15:04:06.636+09:00  INFO 12612 --- [RMI TCP Connection(7)-127.0.0.1] com.zaxxer.hikari.HikariDataSource       : HikariPool-1 - Shutdown initiated...
2023-02-25T15:04:06.640+09:00  INFO 12612 --- [RMI TCP Connection(7)-127.0.0.1] com.zaxxer.hikari.HikariDataSource       : HikariPool-1 - Shutdown completed.
